/Volumes/XTRA/PYOB2026MAY/wwRIG/coordinator/server.py:370: DeprecationWarning: 
        on_event is deprecated, use lifespan event handlers instead.

        Read more about it in the
        [FastAPI docs for Lifespan Events](https://fastapi.tiangolo.com/advanced/events/).
        
  @app.on_event("startup")
ERROR:    [Errno 48] error while attempting to bind on address ('0.0.0.0', 8081): address already in use
[WWRIG/INFO] ═══════════════════════════════════════════════
[WWRIG/INFO]   WWRIG COORDINATOR ONLINE — World Wide Rig v0.2.2
[WWRIG/INFO]   Listening on 0.0.0.0:8081
[WWRIG/INFO]   Auth token: be4a2fc9512d4089
[WWRIG/INFO]   Nodes must provide X-WWRIG-Token header
[WWRIG/INFO] ═══════════════════════════════════════════════
/Volumes/XTRA/PYOB2026MAY/wwRIG/coordinator/server.py:370: DeprecationWarning: 
        on_event is deprecated, use lifespan event handlers instead.

        Read more about it in the
        [FastAPI docs for Lifespan Events](https://fastapi.tiangolo.com/advanced/events/).
        
  @app.on_event("startup")
ERROR:    [Errno 48] error while attempting to bind on address ('0.0.0.0', 8081): address already in use
[WWRIG/INFO] ═══════════════════════════════════════════════
[WWRIG/INFO]   WWRIG COORDINATOR ONLINE — World Wide Rig v0.2.2
[WWRIG/INFO]   Listening on 0.0.0.0:8081
[WWRIG/INFO]   Auth token: be4a2fc9512d4089
[WWRIG/INFO]   Nodes must provide X-WWRIG-Token header
[WWRIG/INFO] ═══════════════════════════════════════════════
